0 verbose cli /usr/local/bin/node /usr/local/bin/npm
1 info using npm@8.19.4
2 info using node@v16.20.0
3 timing npm:load:whichnode Completed in 0ms
4 timing config:load:defaults Completed in 3ms
5 timing config:load:file:/usr/local/lib/node_modules/npm/npmrc Completed in 1ms
6 timing config:load:builtin Completed in 2ms
7 warn config production Use `--omit=dev` instead.
8 timing config:load:cli Completed in 4ms
9 timing config:load:env Completed in 1ms
10 timing config:load:file:/data/.npmrc Completed in 5ms
11 timing config:load:project Completed in 8ms
12 timing config:load:file:/usr/src/node-red/.npmrc Completed in 0ms
13 timing config:load:user Completed in 1ms
14 timing config:load:file:/usr/local/etc/npmrc Completed in 4ms
15 timing config:load:global Completed in 5ms
16 timing config:load:validate Completed in 0ms
17 timing config:load:credentials Completed in 3ms
18 timing config:load:setEnvs Completed in 2ms
19 timing config:load Completed in 31ms
20 timing npm:load:configload Completed in 31ms
21 timing npm:load:mkdirpcache Completed in 6ms
22 timing npm:load:mkdirplogs Completed in 0ms
23 verbose title npm install node-red-contrib-influxdb@0.6.1
24 verbose argv "install" "--no-audit" "--no-update-notifier" "--no-fund" "--save" "--save-prefix" "~" "--production" "--engine-strict" "node-red-contrib-influxdb@0.6.1"
25 timing npm:load:setTitle Completed in 3ms
26 timing config:load:flatten Completed in 5ms
27 timing npm:load:display Completed in 8ms
28 verbose logfile logs-max:10 dir:/data/.npm/_logs
29 verbose logfile /data/.npm/_logs/2023-06-17T20_25_27_386Z-debug-0.log
30 timing npm:load:logFile Completed in 8ms
31 timing npm:load:timers Completed in 0ms
32 timing npm:load:configScope Completed in 0ms
33 timing npm:load Completed in 58ms
34 timing arborist:ctor Completed in 1ms
35 silly logfile start cleaning logs, removing 33 files
36 timing arborist:ctor Completed in 0ms
37 timing idealTree:init Completed in 22ms
38 timing idealTree:userRequests Completed in 7ms
39 silly idealTree buildDeps
40 silly fetch manifest node-red-contrib-influxdb@0.6.1
41 silly logfile done cleaning log files
42 http fetch GET 200 https://registry.npmjs.org/node-red-contrib-influxdb 830ms (cache revalidated)
43 silly placeDep ROOT node-red-contrib-influxdb@0.6.1 OK for: node-red-project@0.0.1 want: 0.6.1
44 silly fetch manifest influx@5.6.3
45 silly fetch manifest @influxdata/influxdb-client@^1.8.0
46 silly fetch manifest lodash@4.17.21
47 http fetch GET 200 https://registry.npmjs.org/lodash 109ms (cache updated)
48 http fetch GET 200 https://registry.npmjs.org/influx 221ms (cache revalidated)
49 http fetch GET 200 https://registry.npmjs.org/@influxdata%2finfluxdb-client 1469ms (cache updated)
50 timing idealTree:#root Completed in 2331ms
51 silly placeDep ROOT @influxdata/influxdb-client@1.33.2 OK for: node-red-contrib-influxdb@0.6.1 want: ^1.8.0
52 silly placeDep ROOT influx@5.6.3 OK for: node-red-contrib-influxdb@0.6.1 want: 5.6.3
53 silly placeDep ROOT lodash@4.17.21 OK for: node-red-contrib-influxdb@0.6.1 want: 4.17.21
54 timing idealTree:node_modules/node-red-contrib-influxdb Completed in 8ms
55 timing idealTree:node_modules/@influxdata/influxdb-client Completed in 0ms
56 timing idealTree:node_modules/influx Completed in 0ms
57 timing idealTree:node_modules/lodash Completed in 1ms
58 timing idealTree:buildDeps Completed in 2342ms
59 timing idealTree:fixDepFlags Completed in 1ms
60 timing idealTree Completed in 2374ms
61 timing reify:loadTrees Completed in 2375ms
62 timing reify:diffTrees Completed in 1ms
63 silly reify moves {}
64 timing reify:retireShallow Completed in 1ms
65 timing reify:createSparse Completed in 9ms
66 timing reify:trashOmits Completed in 0ms
67 timing reify:loadBundles Completed in 0ms
68 timing reifyNode:node_modules/node-red-contrib-influxdb Completed in 218ms
69 timing reifyNode:node_modules/influx Completed in 237ms
70 timing reifyNode:node_modules/@influxdata/influxdb-client Completed in 244ms
71 timing reifyNode:node_modules/lodash Completed in 511ms
72 timing reify:unpack Completed in 511ms
73 timing reify:unretire Completed in 0ms
74 timing build:queue Completed in 1ms
75 timing build:deps Completed in 2ms
76 timing build Completed in 2ms
77 timing reify:build Completed in 3ms
78 timing reify:trash Completed in 0ms
79 timing reify:save Completed in 9ms
80 timing reify Completed in 2924ms
81 silly ADD node_modules/lodash
82 silly ADD node_modules/influx
83 silly ADD node_modules/@influxdata/influxdb-client
84 silly ADD node_modules/node-red-contrib-influxdb
85 timing command:install Completed in 2930ms
86 verbose exit 0
87 timing npm Completed in 3122ms
88 info ok
